<?xml version="1.0" encoding="UTF-8"?>
<testsuite name="SolutionTest" tests="4" skipped="0" failures="0" errors="0" timestamp="2022-06-28T09:05:43" hostname="yuanyu-ubuntu" time="0.032">
  <properties/>
  <testcase name="robExample1()" classname="SolutionTest" time="0.026"/>
  <testcase name="robExample2()" classname="SolutionTest" time="0.001"/>
  <testcase name="robExample3()" classname="SolutionTest" time="0.001"/>
  <testcase name="robExample4()" classname="SolutionTest" time="0.002"/>
  <system-out><![CDATA[]]></system-out>
  <system-err><![CDATA[]]></system-err>
</testsuite>
